<?xml version="1.0" encoding="UTF-8"?>
<!-- Generated by org.testng.reporters.JUnitReportReporter -->
<testsuite skipped="0" hostname="Lenovo-PC" name="qaclickacademy.RESTAPITest" tests="2" failures="0" timestamp="04 Feb 2020 10:16:21 GMT" time="0.015" errors="0">
  <testcase name="deleteTwitter" time="0.015" classname="qaclickacademy.RESTAPITest"/>
  <testcase name="postJira" time="0.000" classname="qaclickacademy.RESTAPITest"/>
</testsuite> <!-- qaclickacademy.RESTAPITest -->
